[2024-01-22T12:50:13.749Z] Server is running at http://localhost:3000
[2024-01-22T12:50:13.749Z] This message will be logged to the console and a file.
[2024-01-22T12:50:53.164Z] Server is running at http://localhost:3000
[2024-01-22T12:50:53.164Z] This message will be logged to the console and a file.
[2024-01-22T12:50:53.165Z] hiii
Server is running at http://localhost:3000
This message will be logged to the console and a file.
hiii
Server is running at http://localhost:3000
Server is running at http://localhost:3000
Server is running at http://localhost:3000
Server is running at http://localhost:3000
Server is running at http://localhost:3000
Server is running at http://localhost:3000
Server is running at http://localhost:3000
Server is running at http://localhost:3000
Server is running at http://localhost:3000
Server is running at http://localhost:3000
Server is running at http://localhost:3000
Server is running at http://localhost:3000
Server is running at http://localhost:3000
Server is running at http://localhost:3000
Server is running at http://localhost:3000
Server is running at http://localhost:3000
Server is running at http://localhost:3000
Server is running at http://localhost:3000
Server is running at http://localhost:3000
Server is running at http://localhost:3000
Server is running at http://localhost:3000
Server is running at http://localhost:3000
Server is running at http://localhost:3000
Server is running at http://localhost:3000
Server is running at http://localhost:3000
Server is running at http://localhost:3000
Server is running at http://localhost:3000
Server is running at http://localhost:3000
Server is running at http://localhost:3000
Server is running at http://localhost:3000
Server is running at http://localhost:3000
Server is running at http://localhost:3000
Server is running at http://localhost:3000
